Arguments: 
  /Users/kyun/.nvm/versions/node/v12.18.3/bin/node /Users/kyun/.nvm/versions/node/v12.18.3/bin/yarn install

PATH: 
  /usr/local/opt/ruby/bin:/Users/kyun/.nvm/versions/node/v12.18.3/bin:/usr/local/bin:/usr/bin:/bin:/usr/sbin:/sbin:/Users/kyun/development/flutter/bin:/Library/Apple/usr/bin:[PATH_TO_FLUTTER_GIT_DIRECTORY]/flutter/bin

Yarn version: 
  1.22.10

Node version: 
  12.18.3

Platform: 
  darwin x64

Trace: 
  SyntaxError: /Users/kyun/workspace/playground/random-admin/backend/package.json: Unexpected token } in JSON at position 183
      at JSON.parse (<anonymous>)
      at /Users/kyun/.nvm/versions/node/v12.18.3/lib/node_modules/yarn/lib/cli.js:1625:59
      at Generator.next (<anonymous>)
      at step (/Users/kyun/.nvm/versions/node/v12.18.3/lib/node_modules/yarn/lib/cli.js:310:30)
      at /Users/kyun/.nvm/versions/node/v12.18.3/lib/node_modules/yarn/lib/cli.js:321:13

npm manifest: 
  {
    "name": "backend",
    "version": "1.0.0",
    "description": "",
    "main": "handler.js",
    "dependencies": {
      "serverless-bundle": "^4.1.0",
      "serverless-offline": "^6.8.0",
    },
    "scripts": {
      "test": "echo \"Error: no test specified\" && exit 1"
    },
    "author": "",
    "license": "ISC"
  }

yarn manifest: 
  No manifest

Lockfile: 
  No lockfile
